<?xml version="1.0" encoding="UTF-8"?>
<testng-results skipped="0" failed="0" ignored="0" total="1" passed="1">
  <reporter-output>
  </reporter-output>
  <suite name="Default suite" duration-ms="6013" started-at="2019-12-29T12:09:18 IST" finished-at="2019-12-29T12:09:24 IST">
    <groups>
    </groups>
    <test name="Default test" duration-ms="6013" started-at="2019-12-29T12:09:18 IST" finished-at="2019-12-29T12:09:24 IST">
      <class name="servicenow_with_base.PostIncident">
        <test-method status="PASS" signature="init()[pri:0, instance:servicenow_with_base.PostIncident@3224f60b]" name="init" is-config="true" duration-ms="433" started-at="2019-12-29T12:09:18 IST" finished-at="2019-12-29T12:09:18 IST">
          <reporter-output>
          </reporter-output>
        </test-method> <!-- init -->
        <test-method status="PASS" signature="createIncident()[pri:0, instance:servicenow_with_base.PostIncident@3224f60b]" name="createIncident" duration-ms="5989" started-at="2019-12-29T12:09:18 IST" finished-at="2019-12-29T12:09:24 IST">
          <reporter-output>
          </reporter-output>
        </test-method> <!-- createIncident -->
      </class> <!-- servicenow_with_base.PostIncident -->
    </test> <!-- Default test -->
  </suite> <!-- Default suite -->
</testng-results>
